Determining if the pthread_create exist failed with the following output:
Change Dir: /home/francesco/CLionProjects/Laboratorio_di_Programmazione/cmake-build-debug/CMakeFiles/CMakeTmp

Run Build Command(s):/usr/bin/make cmTC_366fc/fast 
/usr/bin/make -f CMakeFiles/cmTC_366fc.dir/build.make CMakeFiles/cmTC_366fc.dir/build
make[1]: ingresso nella directory "/home/francesco/CLionProjects/Laboratorio_di_Programmazione/cmake-build-debug/CMakeFiles/CMakeTmp"
Building C object CMakeFiles/cmTC_366fc.dir/CheckSymbolExists.c.o
/usr/bin/cc    -o CMakeFiles/cmTC_366fc.dir/CheckSymbolExists.c.o   -c /home/francesco/CLionProjects/Laboratorio_di_Programmazione/cmake-build-debug/CMakeFiles/CMakeTmp/CheckSymbolExists.c
Linking C executable cmTC_366fc
/snap/clion/83/bin/cmake/linux/bin/cmake -E cmake_link_script CMakeFiles/cmTC_366fc.dir/link.txt --verbose=1
/usr/bin/cc      -rdynamic CMakeFiles/cmTC_366fc.dir/CheckSymbolExists.c.o  -o cmTC_366fc 
/usr/bin/ld: CMakeFiles/cmTC_366fc.dir/CheckSymbolExists.c.o: in function `main':
CheckSymbolExists.c:(.text+0x1b): undefined reference to `pthread_create'
collect2: error: ld returned 1 exit status
make[1]: *** [CMakeFiles/cmTC_366fc.dir/build.make:87: cmTC_366fc] Error 1
make[1]: uscita dalla directory "/home/francesco/CLionProjects/Laboratorio_di_Programmazione/cmake-build-debug/CMakeFiles/CMakeTmp"
make: *** [Makefile:121: cmTC_366fc/fast] Error 2

File /home/francesco/CLionProjects/Laboratorio_di_Programmazione/cmake-build-debug/CMakeFiles/CMakeTmp/CheckSymbolExists.c:
/* */
#include <pthread.h>

int main(int argc, char** argv)
{
  (void)argv;
#ifndef pthread_create
  return ((int*)(&pthread_create))[argc];
#else
  (void)argc;
  return 0;
#endif
}

Determining if the function pthread_create exists in the pthreads failed with the following output:
Change Dir: /home/francesco/CLionProjects/Laboratorio_di_Programmazione/cmake-build-debug/CMakeFiles/CMakeTmp

Run Build Command(s):/usr/bin/make cmTC_0ed9b/fast 
/usr/bin/make -f CMakeFiles/cmTC_0ed9b.dir/build.make CMakeFiles/cmTC_0ed9b.dir/build
make[1]: ingresso nella directory "/home/francesco/CLionProjects/Laboratorio_di_Programmazione/cmake-build-debug/CMakeFiles/CMakeTmp"
Building C object CMakeFiles/cmTC_0ed9b.dir/CheckFunctionExists.c.o
/usr/bin/cc   -DCHECK_FUNCTION_EXISTS=pthread_create   -o CMakeFiles/cmTC_0ed9b.dir/CheckFunctionExists.c.o   -c /snap/clion/83/bin/cmake/linux/share/cmake-3.14/Modules/CheckFunctionExists.c
Linking C executable cmTC_0ed9b
/snap/clion/83/bin/cmake/linux/bin/cmake -E cmake_link_script CMakeFiles/cmTC_0ed9b.dir/link.txt --verbose=1
/usr/bin/cc  -DCHECK_FUNCTION_EXISTS=pthread_create    -rdynamic CMakeFiles/cmTC_0ed9b.dir/CheckFunctionExists.c.o  -o cmTC_0ed9b -lpthreads 
/usr/bin/ld: impossibile trovare -lpthreads
collect2: error: ld returned 1 exit status
make[1]: *** [CMakeFiles/cmTC_0ed9b.dir/build.make:87: cmTC_0ed9b] Error 1
make[1]: uscita dalla directory "/home/francesco/CLionProjects/Laboratorio_di_Programmazione/cmake-build-debug/CMakeFiles/CMakeTmp"
make: *** [Makefile:121: cmTC_0ed9b/fast] Error 2


